[22-Dec-2016 18:52:15 Asia/Dhaka] PHP Parse error:  syntax error, unexpected end of file in D:\wwwroot\BulkSMSWebPanel\UserRegistration.php on line 302
[22-Dec-2016 18:52:51 Asia/Dhaka] PHP Parse error:  syntax error, unexpected end of file in D:\wwwroot\BulkSMSWebPanel\UserRegistration.php on line 302
[22-Dec-2016 18:53:18 Asia/Dhaka] PHP Parse error:  syntax error, unexpected end of file in D:\wwwroot\BulkSMSWebPanel\UserRegistration.php on line 302
[13-Mar-2017 19:31:19 ASIA/Dhaka] PHP Fatal error:  Call to a member function query() on a non-object in D:\wwwroot\BulkSMSWebPanel\messaging\SmsInSentBL.php on line 14
[15-Mar-2017 16:14:20 ASIA/Dhaka] PHP Fatal error:  Call to a member function query() on a non-object in D:\wwwroot\BulkSMSWebPanel\messaging\SmsInSentBL.php on line 14
[15-Mar-2017 16:22:20 ASIA/Dhaka] PHP Notice:  Undefined variable: PDOCN in D:\wwwroot\BulkSMSWebPanel\messaging\SmsInSentBL.php on line 40
[15-Mar-2017 16:22:20 ASIA/Dhaka] PHP Fatal error:  Call to a member function query() on a non-object in D:\wwwroot\BulkSMSWebPanel\messaging\SmsInSentBL.php on line 40
[15-Mar-2017 16:47:02 ASIA/Dhaka] PHP Notice:  Undefined index: submit in D:\wwwroot\BulkSMSWebPanel\messaging\SmsInSentBL.php on line 306
[15-Mar-2017 16:47:41 ASIA/Dhaka] PHP Notice:  Undefined index: submit in D:\wwwroot\BulkSMSWebPanel\messaging\SmsInSentBL.php on line 300
[15-Mar-2017 16:47:59 ASIA/Dhaka] PHP Notice:  Undefined index: submit in D:\wwwroot\BulkSMSWebPanel\messaging\SmsInSentBL.php on line 300
[15-Mar-2017 16:51:36 ASIA/Dhaka] PHP Notice:  Undefined index: submit in D:\wwwroot\BulkSMSWebPanel\messaging\SmsInSentBL.php on line 300
[15-Mar-2017 16:51:37 ASIA/Dhaka] PHP Notice:  Undefined index: submit in D:\wwwroot\BulkSMSWebPanel\messaging\SmsInSentBL.php on line 300
[15-Mar-2017 16:51:55 ASIA/Dhaka] PHP Notice:  Undefined variable: username in D:\wwwroot\BulkSMSWebPanel\messaging\SmsInSentBL.php on line 323
[15-Mar-2017 16:51:55 ASIA/Dhaka] PHP Notice:  Undefined variable: password in D:\wwwroot\BulkSMSWebPanel\messaging\SmsInSentBL.php on line 323
[15-Mar-2017 16:51:55 ASIA/Dhaka] PHP Notice:  Undefined variable: banglaText in D:\wwwroot\BulkSMSWebPanel\messaging\SmsInSentBL.php on line 395
[15-Mar-2017 16:52:44 ASIA/Dhaka] PHP Notice:  Undefined index: submit in D:\wwwroot\BulkSMSWebPanel\messaging\SmsInSentBL.php on line 300
[15-Mar-2017 16:53:11 ASIA/Dhaka] PHP Notice:  Undefined variable: username in D:\wwwroot\BulkSMSWebPanel\messaging\SmsInSentBL.php on line 323
[15-Mar-2017 16:53:11 ASIA/Dhaka] PHP Notice:  Undefined variable: password in D:\wwwroot\BulkSMSWebPanel\messaging\SmsInSentBL.php on line 323
[15-Mar-2017 16:53:11 ASIA/Dhaka] PHP Notice:  Undefined variable: banglaText in D:\wwwroot\BulkSMSWebPanel\messaging\SmsInSentBL.php on line 395
[15-Mar-2017 16:54:26 ASIA/Dhaka] PHP Notice:  Undefined index: submit in D:\wwwroot\BulkSMSWebPanel\messaging\SmsInSentBL.php on line 300
[15-Mar-2017 16:54:44 ASIA/Dhaka] PHP Notice:  Undefined variable: username in D:\wwwroot\BulkSMSWebPanel\messaging\SmsInSentBL.php on line 323
[15-Mar-2017 16:54:44 ASIA/Dhaka] PHP Notice:  Undefined variable: password in D:\wwwroot\BulkSMSWebPanel\messaging\SmsInSentBL.php on line 323
[15-Mar-2017 17:14:05 ASIA/Dhaka] PHP Notice:  Undefined index: submit in D:\wwwroot\BulkSMSWebPanel\messaging\SmsInSentBL.php on line 300
[15-Mar-2017 17:14:30 ASIA/Dhaka] PHP Notice:  Undefined variable: username in D:\wwwroot\BulkSMSWebPanel\messaging\SmsInSentBL.php on line 323
[15-Mar-2017 17:14:30 ASIA/Dhaka] PHP Notice:  Undefined variable: password in D:\wwwroot\BulkSMSWebPanel\messaging\SmsInSentBL.php on line 323
[15-Mar-2017 17:14:30 ASIA/Dhaka] PHP Fatal error:  Uncaught exception 'PDOException' with message 'SQLSTATE[42000]: [Microsoft][ODBC Driver 11 for SQL Server][SQL Server]Incorrect syntax near 'বাংলা'.' in D:\wwwroot\BulkSMSWebPanel\messaging\SmsInSentBL.php:401
Stack trace:
#0 D:\wwwroot\BulkSMSWebPanel\messaging\SmsInSentBL.php(401): PDO->query('INSERT INTO [BU...')
#1 D:\wwwroot\BulkSMSWebPanel\index.php(45): include('D:\wwwroot\Bulk...')
#2 {main}
  thrown in D:\wwwroot\BulkSMSWebPanel\messaging\SmsInSentBL.php on line 401
[15-Mar-2017 17:15:40 ASIA/Dhaka] PHP Notice:  Undefined index: submit in D:\wwwroot\BulkSMSWebPanel\messaging\SmsInSentBL.php on line 300
[15-Mar-2017 17:16:04 ASIA/Dhaka] PHP Notice:  Undefined variable: username in D:\wwwroot\BulkSMSWebPanel\messaging\SmsInSentBL.php on line 323
[15-Mar-2017 17:16:04 ASIA/Dhaka] PHP Notice:  Undefined variable: password in D:\wwwroot\BulkSMSWebPanel\messaging\SmsInSentBL.php on line 323
[15-Mar-2017 17:16:04 ASIA/Dhaka] PHP Fatal error:  Uncaught exception 'PDOException' with message 'SQLSTATE[42000]: [Microsoft][ODBC Driver 11 for SQL Server][SQL Server]Incorrect syntax near 'সোনার'.' in D:\wwwroot\BulkSMSWebPanel\messaging\SmsInSentBL.php:401
Stack trace:
#0 D:\wwwroot\BulkSMSWebPanel\messaging\SmsInSentBL.php(401): PDO->query('INSERT INTO [BU...')
#1 D:\wwwroot\BulkSMSWebPanel\index.php(45): include('D:\wwwroot\Bulk...')
#2 {main}
  thrown in D:\wwwroot\BulkSMSWebPanel\messaging\SmsInSentBL.php on line 401
[15-Mar-2017 17:16:33 ASIA/Dhaka] PHP Notice:  Undefined index: submit in D:\wwwroot\BulkSMSWebPanel\messaging\SmsInSentBL.php on line 300
[15-Mar-2017 17:16:35 ASIA/Dhaka] PHP Notice:  Undefined index: submit in D:\wwwroot\BulkSMSWebPanel\messaging\SmsInSentBL.php on line 300
[15-Mar-2017 17:16:56 ASIA/Dhaka] PHP Notice:  Undefined variable: username in D:\wwwroot\BulkSMSWebPanel\messaging\SmsInSentBL.php on line 323
[15-Mar-2017 17:16:56 ASIA/Dhaka] PHP Notice:  Undefined variable: password in D:\wwwroot\BulkSMSWebPanel\messaging\SmsInSentBL.php on line 323
[15-Mar-2017 17:16:56 ASIA/Dhaka] PHP Fatal error:  Uncaught exception 'PDOException' with message 'SQLSTATE[42000]: [Microsoft][ODBC Driver 11 for SQL Server][SQL Server]Incorrect syntax near '17'.' in D:\wwwroot\BulkSMSWebPanel\messaging\SmsInSentBL.php:401
Stack trace:
#0 D:\wwwroot\BulkSMSWebPanel\messaging\SmsInSentBL.php(401): PDO->query('INSERT INTO [BU...')
#1 D:\wwwroot\BulkSMSWebPanel\index.php(45): include('D:\wwwroot\Bulk...')
#2 {main}
  thrown in D:\wwwroot\BulkSMSWebPanel\messaging\SmsInSentBL.php on line 401
[15-Mar-2017 17:17:54 ASIA/Dhaka] PHP Notice:  Undefined index: submit in D:\wwwroot\BulkSMSWebPanel\messaging\SmsInSentBL.php on line 300
[15-Mar-2017 17:18:16 ASIA/Dhaka] PHP Notice:  Undefined variable: username in D:\wwwroot\BulkSMSWebPanel\messaging\SmsInSentBL.php on line 323
[15-Mar-2017 17:18:16 ASIA/Dhaka] PHP Notice:  Undefined variable: password in D:\wwwroot\BulkSMSWebPanel\messaging\SmsInSentBL.php on line 323
[15-Mar-2017 17:18:16 ASIA/Dhaka] PHP Fatal error:  Uncaught exception 'PDOException' with message 'SQLSTATE[42000]: [Microsoft][ODBC Driver 11 for SQL Server][SQL Server]Incorrect syntax near '17'.' in D:\wwwroot\BulkSMSWebPanel\messaging\SmsInSentBL.php:401
Stack trace:
#0 D:\wwwroot\BulkSMSWebPanel\messaging\SmsInSentBL.php(401): PDO->query('INSERT INTO [BU...')
#1 D:\wwwroot\BulkSMSWebPanel\index.php(45): include('D:\wwwroot\Bulk...')
#2 {main}
  thrown in D:\wwwroot\BulkSMSWebPanel\messaging\SmsInSentBL.php on line 401
[16-Mar-2017 13:18:01 ASIA/Dhaka] PHP Notice:  Undefined index: submit in D:\wwwroot\BulkSMSWebPanel\messaging\SmsInSentBL.php on line 300
[16-Mar-2017 13:32:26 ASIA/Dhaka] PHP Notice:  Undefined index: submit in D:\wwwroot\BulkSMSWebPanel\messaging\SmsInSentBL.php on line 297
[16-Mar-2017 13:32:33 ASIA/Dhaka] PHP Notice:  Undefined index: submit in D:\wwwroot\BulkSMSWebPanel\messaging\SmsInSentBL.php on line 297
[16-Mar-2017 13:35:33 ASIA/Dhaka] PHP Notice:  Undefined variable: username in D:\wwwroot\BulkSMSWebPanel\messaging\SmsInSentBL.php on line 320
[16-Mar-2017 13:35:33 ASIA/Dhaka] PHP Notice:  Undefined variable: password in D:\wwwroot\BulkSMSWebPanel\messaging\SmsInSentBL.php on line 320
[16-Mar-2017 13:35:33 ASIA/Dhaka] PHP Fatal error:  Uncaught exception 'PDOException' with message 'SQLSTATE[42000]: [Microsoft][ODBC Driver 11 for SQL Server][SQL Server]Incorrect syntax near '13'.' in D:\wwwroot\BulkSMSWebPanel\messaging\SmsInSentBL.php:398
Stack trace:
#0 D:\wwwroot\BulkSMSWebPanel\messaging\SmsInSentBL.php(398): PDO->query('INSERT INTO [BU...')
#1 D:\wwwroot\BulkSMSWebPanel\index.php(45): include('D:\wwwroot\Bulk...')
#2 {main}
  thrown in D:\wwwroot\BulkSMSWebPanel\messaging\SmsInSentBL.php on line 398
[16-Mar-2017 13:37:02 ASIA/Dhaka] PHP Notice:  Undefined index: submit in D:\wwwroot\BulkSMSWebPanel\messaging\SmsInSentBL.php on line 297
[16-Mar-2017 13:37:05 ASIA/Dhaka] PHP Notice:  Undefined index: submit in D:\wwwroot\BulkSMSWebPanel\messaging\SmsInSentBL.php on line 297
[16-Mar-2017 13:37:24 ASIA/Dhaka] PHP Notice:  Undefined variable: username in D:\wwwroot\BulkSMSWebPanel\messaging\SmsInSentBL.php on line 320
[16-Mar-2017 13:37:24 ASIA/Dhaka] PHP Notice:  Undefined variable: password in D:\wwwroot\BulkSMSWebPanel\messaging\SmsInSentBL.php on line 320
[16-Mar-2017 13:37:24 ASIA/Dhaka] PHP Fatal error:  Uncaught exception 'PDOException' with message 'SQLSTATE[42S22]: [Microsoft][ODBC Driver 11 for SQL Server][SQL Server]Invalid column name 'TestUser'.' in D:\wwwroot\BulkSMSWebPanel\messaging\SmsInSentBL.php:398
Stack trace:
#0 D:\wwwroot\BulkSMSWebPanel\messaging\SmsInSentBL.php(398): PDO->query('INSERT INTO [BU...')
#1 D:\wwwroot\BulkSMSWebPanel\index.php(45): include('D:\wwwroot\Bulk...')
#2 {main}
  thrown in D:\wwwroot\BulkSMSWebPanel\messaging\SmsInSentBL.php on line 398
[16-Mar-2017 13:38:18 ASIA/Dhaka] PHP Notice:  Undefined index: submit in D:\wwwroot\BulkSMSWebPanel\messaging\SmsInSentBL.php on line 297
[16-Mar-2017 13:38:34 ASIA/Dhaka] PHP Notice:  Undefined variable: username in D:\wwwroot\BulkSMSWebPanel\messaging\SmsInSentBL.php on line 320
[16-Mar-2017 13:38:34 ASIA/Dhaka] PHP Notice:  Undefined variable: password in D:\wwwroot\BulkSMSWebPanel\messaging\SmsInSentBL.php on line 320
[16-Mar-2017 13:39:25 ASIA/Dhaka] PHP Notice:  Undefined variable: username in D:\wwwroot\BulkSMSWebPanel\messaging\SmsInSentBL.php on line 320
[16-Mar-2017 13:39:25 ASIA/Dhaka] PHP Notice:  Undefined variable: password in D:\wwwroot\BulkSMSWebPanel\messaging\SmsInSentBL.php on line 320
[16-Mar-2017 13:41:55 ASIA/Dhaka] PHP Notice:  Undefined index: submit in D:\wwwroot\BulkSMSWebPanel\messaging\SmsInSentBL.php on line 297
[16-Mar-2017 13:42:25 ASIA/Dhaka] PHP Notice:  Undefined variable: username in D:\wwwroot\BulkSMSWebPanel\messaging\SmsInSentBL.php on line 320
[16-Mar-2017 13:42:25 ASIA/Dhaka] PHP Notice:  Undefined variable: password in D:\wwwroot\BulkSMSWebPanel\messaging\SmsInSentBL.php on line 320
[16-Mar-2017 13:43:09 ASIA/Dhaka] PHP Notice:  Undefined index: submit in D:\wwwroot\BulkSMSWebPanel\messaging\SmsInSentBL.php on line 297
[16-Mar-2017 13:44:51 ASIA/Dhaka] PHP Notice:  Undefined variable: username in D:\wwwroot\BulkSMSWebPanel\messaging\SmsInSentBL.php on line 320
[16-Mar-2017 13:44:51 ASIA/Dhaka] PHP Notice:  Undefined variable: password in D:\wwwroot\BulkSMSWebPanel\messaging\SmsInSentBL.php on line 320
[16-Mar-2017 13:47:27 ASIA/Dhaka] PHP Notice:  Undefined index: submit in D:\wwwroot\BulkSMSWebPanel\messaging\SmsInSentBL.php on line 297
[16-Mar-2017 13:47:57 ASIA/Dhaka] PHP Notice:  Undefined index: submit in D:\wwwroot\BulkSMSWebPanel\messaging\SmsInSentBL.php on line 297
[16-Mar-2017 13:49:31 ASIA/Dhaka] PHP Notice:  Undefined variable: username in D:\wwwroot\BulkSMSWebPanel\messaging\SmsInSentBL.php on line 320
[16-Mar-2017 13:49:31 ASIA/Dhaka] PHP Notice:  Undefined variable: password in D:\wwwroot\BulkSMSWebPanel\messaging\SmsInSentBL.php on line 320
[16-Mar-2017 13:53:58 ASIA/Dhaka] PHP Notice:  Undefined index: submit in D:\wwwroot\BulkSMSWebPanel\messaging\SmsInSentBL.php on line 297
[16-Mar-2017 13:54:02 ASIA/Dhaka] PHP Notice:  Undefined index: submit in D:\wwwroot\BulkSMSWebPanel\messaging\SmsInSentBL.php on line 297
[16-Mar-2017 13:54:27 ASIA/Dhaka] PHP Notice:  Undefined variable: username in D:\wwwroot\BulkSMSWebPanel\messaging\SmsInSentBL.php on line 320
[16-Mar-2017 13:54:27 ASIA/Dhaka] PHP Notice:  Undefined variable: password in D:\wwwroot\BulkSMSWebPanel\messaging\SmsInSentBL.php on line 320
[16-Mar-2017 13:55:18 ASIA/Dhaka] PHP Notice:  Undefined variable: username in D:\wwwroot\BulkSMSWebPanel\messaging\SmsInSentBL.php on line 320
[16-Mar-2017 13:55:18 ASIA/Dhaka] PHP Notice:  Undefined variable: password in D:\wwwroot\BulkSMSWebPanel\messaging\SmsInSentBL.php on line 320
[16-Mar-2017 13:55:45 ASIA/Dhaka] PHP Notice:  Undefined index: submit in D:\wwwroot\BulkSMSWebPanel\messaging\SmsInSentBL.php on line 297
[16-Mar-2017 13:55:47 ASIA/Dhaka] PHP Notice:  Undefined index: submit in D:\wwwroot\BulkSMSWebPanel\messaging\SmsInSentBL.php on line 297
[16-Mar-2017 13:56:27 ASIA/Dhaka] PHP Notice:  Undefined variable: username in D:\wwwroot\BulkSMSWebPanel\messaging\SmsInSentBL.php on line 320
[16-Mar-2017 13:56:27 ASIA/Dhaka] PHP Notice:  Undefined variable: password in D:\wwwroot\BulkSMSWebPanel\messaging\SmsInSentBL.php on line 320
[16-Mar-2017 13:57:02 ASIA/Dhaka] PHP Notice:  Undefined variable: username in D:\wwwroot\BulkSMSWebPanel\messaging\SmsInSentBL.php on line 320
[16-Mar-2017 13:57:02 ASIA/Dhaka] PHP Notice:  Undefined variable: password in D:\wwwroot\BulkSMSWebPanel\messaging\SmsInSentBL.php on line 320
[16-Mar-2017 13:57:48 ASIA/Dhaka] PHP Notice:  Undefined variable: username in D:\wwwroot\BulkSMSWebPanel\messaging\SmsInSentBL.php on line 320
[16-Mar-2017 13:57:48 ASIA/Dhaka] PHP Notice:  Undefined variable: password in D:\wwwroot\BulkSMSWebPanel\messaging\SmsInSentBL.php on line 320
[16-Mar-2017 13:58:58 ASIA/Dhaka] PHP Notice:  Undefined index: submit in D:\wwwroot\BulkSMSWebPanel\messaging\SmsInSentBL.php on line 297
[16-Mar-2017 13:59:00 ASIA/Dhaka] PHP Notice:  Undefined index: submit in D:\wwwroot\BulkSMSWebPanel\messaging\SmsInSentBL.php on line 297
[16-Mar-2017 13:59:15 ASIA/Dhaka] PHP Notice:  Undefined variable: username in D:\wwwroot\BulkSMSWebPanel\messaging\SmsInSentBL.php on line 320
[16-Mar-2017 13:59:15 ASIA/Dhaka] PHP Notice:  Undefined variable: password in D:\wwwroot\BulkSMSWebPanel\messaging\SmsInSentBL.php on line 320
[16-Mar-2017 14:16:14 ASIA/Dhaka] PHP Notice:  Undefined index: submit in D:\wwwroot\BulkSMSWebPanel\messaging\SmsInSentBL.php on line 297
[16-Mar-2017 14:16:16 ASIA/Dhaka] PHP Notice:  Undefined index: submit in D:\wwwroot\BulkSMSWebPanel\messaging\SmsInSentBL.php on line 297
[16-Mar-2017 14:16:59 ASIA/Dhaka] PHP Notice:  Undefined variable: username in D:\wwwroot\BulkSMSWebPanel\messaging\SmsInSentBL.php on line 320
[16-Mar-2017 14:16:59 ASIA/Dhaka] PHP Notice:  Undefined variable: password in D:\wwwroot\BulkSMSWebPanel\messaging\SmsInSentBL.php on line 320
[16-Mar-2017 14:18:13 ASIA/Dhaka] PHP Notice:  Undefined index: submit in D:\wwwroot\BulkSMSWebPanel\messaging\SmsInSentBL.php on line 297
[16-Mar-2017 14:18:15 ASIA/Dhaka] PHP Notice:  Undefined index: submit in D:\wwwroot\BulkSMSWebPanel\messaging\SmsInSentBL.php on line 297
[16-Mar-2017 14:18:31 ASIA/Dhaka] PHP Notice:  Undefined variable: username in D:\wwwroot\BulkSMSWebPanel\messaging\SmsInSentBL.php on line 320
[16-Mar-2017 14:18:31 ASIA/Dhaka] PHP Notice:  Undefined variable: password in D:\wwwroot\BulkSMSWebPanel\messaging\SmsInSentBL.php on line 320
[16-Mar-2017 17:21:51 ASIA/Dhaka] PHP Notice:  Undefined index: submit in D:\wwwroot\BulkSMSWebPanel\messaging\SmsInSentBL.php on line 297
[16-Mar-2017 17:22:12 ASIA/Dhaka] PHP Notice:  Undefined variable: username in D:\wwwroot\BulkSMSWebPanel\messaging\SmsInSentBL.php on line 320
[16-Mar-2017 17:22:12 ASIA/Dhaka] PHP Notice:  Undefined variable: password in D:\wwwroot\BulkSMSWebPanel\messaging\SmsInSentBL.php on line 320
[16-Mar-2017 17:22:41 ASIA/Dhaka] PHP Notice:  Undefined index: submit in D:\wwwroot\BulkSMSWebPanel\messaging\SmsInSentBL.php on line 297
[16-Mar-2017 17:23:41 ASIA/Dhaka] PHP Notice:  Undefined index: submit in D:\wwwroot\BulkSMSWebPanel\messaging\SmsInSentBL.php on line 297
[16-Mar-2017 17:23:43 ASIA/Dhaka] PHP Notice:  Undefined index: submit in D:\wwwroot\BulkSMSWebPanel\messaging\SmsInSentBL.php on line 297
[16-Mar-2017 17:25:44 ASIA/Dhaka] PHP Notice:  Undefined variable: username in D:\wwwroot\BulkSMSWebPanel\messaging\SmsInSentBL.php on line 320
[16-Mar-2017 17:25:44 ASIA/Dhaka] PHP Notice:  Undefined variable: password in D:\wwwroot\BulkSMSWebPanel\messaging\SmsInSentBL.php on line 320
[16-Mar-2017 17:37:36 ASIA/Dhaka] PHP Notice:  Undefined index: submit in D:\wwwroot\BulkSMSWebPanel\messaging\SmsInSentBL.php on line 297
[16-Mar-2017 17:37:38 ASIA/Dhaka] PHP Notice:  Undefined index: submit in D:\wwwroot\BulkSMSWebPanel\messaging\SmsInSentBL.php on line 297
[16-Mar-2017 17:37:40 ASIA/Dhaka] PHP Notice:  Undefined index: submit in D:\wwwroot\BulkSMSWebPanel\messaging\SmsInSentBL.php on line 297
[16-Mar-2017 17:39:02 ASIA/Dhaka] PHP Notice:  Undefined variable: username in D:\wwwroot\BulkSMSWebPanel\messaging\SmsInSentBL.php on line 320
[16-Mar-2017 17:39:02 ASIA/Dhaka] PHP Notice:  Undefined variable: password in D:\wwwroot\BulkSMSWebPanel\messaging\SmsInSentBL.php on line 320
[16-Mar-2017 17:39:02 ASIA/Dhaka] PHP Notice:  Undefined variable: stmt in D:\wwwroot\BulkSMSWebPanel\messaging\SmsInSentBL.php on line 404
[16-Mar-2017 17:39:02 ASIA/Dhaka] PHP Fatal error:  Call to a member function fetch() on a non-object in D:\wwwroot\BulkSMSWebPanel\messaging\SmsInSentBL.php on line 404
[16-Mar-2017 17:41:00 ASIA/Dhaka] PHP Notice:  Undefined index: submit in D:\wwwroot\BulkSMSWebPanel\messaging\SmsInSentBL.php on line 297
[16-Mar-2017 17:55:13 ASIA/Dhaka] PHP Notice:  Undefined index: submit in D:\wwwroot\BulkSMSWebPanel\messaging\SmsInSentBL.php on line 297
[16-Mar-2017 17:55:15 ASIA/Dhaka] PHP Notice:  Undefined index: submit in D:\wwwroot\BulkSMSWebPanel\messaging\SmsInSentBL.php on line 297
[16-Mar-2017 17:55:37 ASIA/Dhaka] PHP Notice:  Undefined variable: username in D:\wwwroot\BulkSMSWebPanel\messaging\SmsInSentBL.php on line 320
[16-Mar-2017 17:55:37 ASIA/Dhaka] PHP Notice:  Undefined variable: password in D:\wwwroot\BulkSMSWebPanel\messaging\SmsInSentBL.php on line 320
[16-Mar-2017 17:55:37 ASIA/Dhaka] PHP Fatal error:  Uncaught exception 'PDOException' with message 'SQLSTATE[IMSSP]: The active result for the query contains no fields.' in D:\wwwroot\BulkSMSWebPanel\messaging\SmsInSentBL.php:404
Stack trace:
#0 D:\wwwroot\BulkSMSWebPanel\messaging\SmsInSentBL.php(404): PDOStatement->fetch(2)
#1 D:\wwwroot\BulkSMSWebPanel\index.php(45): include('D:\wwwroot\Bulk...')
#2 {main}
  thrown in D:\wwwroot\BulkSMSWebPanel\messaging\SmsInSentBL.php on line 404
[16-Mar-2017 17:56:12 ASIA/Dhaka] PHP Notice:  Undefined index: submit in D:\wwwroot\BulkSMSWebPanel\messaging\SmsInSentBL.php on line 297
[16-Mar-2017 18:20:56 ASIA/Dhaka] PHP Notice:  Undefined index: submit in D:\wwwroot\BulkSMSWebPanel\messaging\SmsInSentBL.php on line 238
[16-Mar-2017 18:21:00 ASIA/Dhaka] PHP Notice:  Undefined index: submit in D:\wwwroot\BulkSMSWebPanel\messaging\SmsInSentBL.php on line 238
[16-Mar-2017 18:21:35 ASIA/Dhaka] PHP Notice:  Undefined variable: username in D:\wwwroot\BulkSMSWebPanel\messaging\SmsInSentBL.php on line 256
[16-Mar-2017 18:21:35 ASIA/Dhaka] PHP Notice:  Undefined variable: password in D:\wwwroot\BulkSMSWebPanel\messaging\SmsInSentBL.php on line 256
[16-Mar-2017 18:21:35 ASIA/Dhaka] PHP Fatal error:  Uncaught exception 'PDOException' with message 'SQLSTATE[IMSSP]: The active result for the query contains no fields.' in D:\wwwroot\BulkSMSWebPanel\messaging\SmsInSentBL.php:319
Stack trace:
#0 D:\wwwroot\BulkSMSWebPanel\messaging\SmsInSentBL.php(319): PDOStatement->fetch(2)
#1 D:\wwwroot\BulkSMSWebPanel\index.php(45): include('D:\wwwroot\Bulk...')
#2 {main}
  thrown in D:\wwwroot\BulkSMSWebPanel\messaging\SmsInSentBL.php on line 319
[04-Dec-2017 12:03:33 Asia/Dhaka] PHP Warning:  sprintf(): Too few arguments in D:\wwwroot\BulkSMSWebPanel\index.php on line 9
[04-Dec-2017 12:04:05 Asia/Dhaka] PHP Warning:  sprintf(): Too few arguments in D:\wwwroot\BulkSMSWebPanel\index.php on line 9
[04-Dec-2017 12:09:27 Asia/Dhaka] PHP Parse error:  syntax error, unexpected '==' (T_IS_EQUAL) in D:\wwwroot\BulkSMSWebPanel\index.php on line 12
[11-Mar-2018 13:16:27 Asia/Dhaka] PHP Fatal error:  Maximum execution time of 1800 seconds exceeded in D:\wwwroot\BulkSMSWebPanel\index.php on line 3
[11-Mar-2018 13:16:27 Asia/Dhaka] PHP Fatal error:  Maximum execution time of 1800 seconds exceeded in D:\wwwroot\BulkSMSWebPanel\index.php on line 3
[11-Mar-2018 13:16:27 Asia/Dhaka] PHP Fatal error:  Maximum execution time of 1800 seconds exceeded in D:\wwwroot\BulkSMSWebPanel\index.php on line 3
[11-Mar-2018 13:16:27 Asia/Dhaka] PHP Fatal error:  Maximum execution time of 1800 seconds exceeded in D:\wwwroot\BulkSMSWebPanel\index.php on line 3
[11-Mar-2018 13:16:27 Asia/Dhaka] PHP Fatal error:  Maximum execution time of 1800 seconds exceeded in D:\wwwroot\BulkSMSWebPanel\index.php on line 3
[11-Mar-2018 13:16:27 Asia/Dhaka] PHP Fatal error:  Maximum execution time of 1800 seconds exceeded in D:\wwwroot\BulkSMSWebPanel\index.php on line 3
[11-Mar-2018 13:16:27 Asia/Dhaka] PHP Fatal error:  Maximum execution time of 1800 seconds exceeded in D:\wwwroot\BulkSMSWebPanel\index.php on line 3
[11-Mar-2018 13:16:27 Asia/Dhaka] PHP Fatal error:  Maximum execution time of 1800 seconds exceeded in D:\wwwroot\BulkSMSWebPanel\index.php on line 3
[21-Mar-2018 12:42:00 Asia/Dhaka] PHP Fatal error:  Maximum execution time of 1800 seconds exceeded in D:\wwwroot\BulkSMSWebPanel\index.php on line 3
[21-Mar-2018 12:42:00 Asia/Dhaka] PHP Fatal error:  Maximum execution time of 1800 seconds exceeded in D:\wwwroot\BulkSMSWebPanel\index.php on line 3
[21-Mar-2018 12:42:00 Asia/Dhaka] PHP Fatal error:  Maximum execution time of 1800 seconds exceeded in D:\wwwroot\BulkSMSWebPanel\index.php on line 3
[21-Mar-2018 12:42:00 Asia/Dhaka] PHP Fatal error:  Maximum execution time of 1800 seconds exceeded in D:\wwwroot\BulkSMSWebPanel\index.php on line 3
[21-Mar-2018 12:42:00 Asia/Dhaka] PHP Fatal error:  Maximum execution time of 1800 seconds exceeded in D:\wwwroot\BulkSMSWebPanel\index.php on line 3
[21-Mar-2018 12:42:00 Asia/Dhaka] PHP Fatal error:  Maximum execution time of 1800 seconds exceeded in D:\wwwroot\BulkSMSWebPanel\index.php on line 3
[21-Mar-2018 12:42:00 Asia/Dhaka] PHP Fatal error:  Maximum execution time of 1800 seconds exceeded in D:\wwwroot\BulkSMSWebPanel\index.php on line 3
[21-Mar-2018 12:42:00 Asia/Dhaka] PHP Fatal error:  Maximum execution time of 1800 seconds exceeded in D:\wwwroot\BulkSMSWebPanel\index.php on line 3
[21-Mar-2018 12:42:00 Asia/Dhaka] PHP Fatal error:  Maximum execution time of 1800 seconds exceeded in D:\wwwroot\BulkSMSWebPanel\index.php on line 3
[21-Mar-2018 12:42:00 Asia/Dhaka] PHP Fatal error:  Maximum execution time of 1800 seconds exceeded in D:\wwwroot\BulkSMSWebPanel\index.php on line 3
[21-Mar-2018 12:42:00 Asia/Dhaka] PHP Fatal error:  Maximum execution time of 1800 seconds exceeded in D:\wwwroot\BulkSMSWebPanel\index.php on line 3
[21-Mar-2018 12:42:00 Asia/Dhaka] PHP Fatal error:  Maximum execution time of 1800 seconds exceeded in D:\wwwroot\BulkSMSWebPanel\index.php on line 3
[21-Mar-2018 12:42:00 Asia/Dhaka] PHP Fatal error:  Maximum execution time of 1800 seconds exceeded in D:\wwwroot\BulkSMSWebPanel\index.php on line 3
[21-Mar-2018 12:42:00 Asia/Dhaka] PHP Fatal error:  Maximum execution time of 1800 seconds exceeded in D:\wwwroot\BulkSMSWebPanel\index.php on line 3
[21-Mar-2018 12:42:00 Asia/Dhaka] PHP Fatal error:  Maximum execution time of 1800 seconds exceeded in D:\wwwroot\BulkSMSWebPanel\index.php on line 3
[21-Mar-2018 12:42:00 Asia/Dhaka] PHP Fatal error:  Maximum execution time of 1800 seconds exceeded in D:\wwwroot\BulkSMSWebPanel\index.php on line 3
[21-Mar-2018 12:42:00 Asia/Dhaka] PHP Fatal error:  Maximum execution time of 1800 seconds exceeded in D:\wwwroot\BulkSMSWebPanel\index.php on line 3
[21-Mar-2018 12:42:00 Asia/Dhaka] PHP Fatal error:  Maximum execution time of 1800 seconds exceeded in D:\wwwroot\BulkSMSWebPanel\index.php on line 3
[21-Mar-2018 12:42:00 Asia/Dhaka] PHP Fatal error:  Maximum execution time of 1800 seconds exceeded in D:\wwwroot\BulkSMSWebPanel\index.php on line 3
[21-Mar-2018 12:42:00 Asia/Dhaka] PHP Fatal error:  Maximum execution time of 1800 seconds exceeded in D:\wwwroot\BulkSMSWebPanel\index.php on line 3
[21-Mar-2018 12:42:00 Asia/Dhaka] PHP Fatal error:  Maximum execution time of 1800 seconds exceeded in D:\wwwroot\BulkSMSWebPanel\index.php on line 3
[21-Mar-2018 12:42:00 Asia/Dhaka] PHP Fatal error:  Maximum execution time of 1800 seconds exceeded in D:\wwwroot\BulkSMSWebPanel\index.php on line 3
[21-Mar-2018 12:42:00 Asia/Dhaka] PHP Fatal error:  Maximum execution time of 1800 seconds exceeded in D:\wwwroot\BulkSMSWebPanel\index.php on line 3
[21-Mar-2018 12:42:00 Asia/Dhaka] PHP Fatal error:  Maximum execution time of 1800 seconds exceeded in D:\wwwroot\BulkSMSWebPanel\index.php on line 3
[21-Mar-2018 12:42:00 Asia/Dhaka] PHP Fatal error:  Maximum execution time of 1800 seconds exceeded in D:\wwwroot\BulkSMSWebPanel\index.php on line 3
[21-Mar-2018 12:42:00 Asia/Dhaka] PHP Fatal error:  Maximum execution time of 1800 seconds exceeded in D:\wwwroot\BulkSMSWebPanel\index.php on line 3
[21-Mar-2018 12:42:00 Asia/Dhaka] PHP Fatal error:  Maximum execution time of 1800 seconds exceeded in D:\wwwroot\BulkSMSWebPanel\index.php on line 3
[21-Mar-2018 12:42:00 Asia/Dhaka] PHP Fatal error:  Maximum execution time of 1800 seconds exceeded in D:\wwwroot\BulkSMSWebPanel\index.php on line 3
[21-Mar-2018 12:42:00 Asia/Dhaka] PHP Fatal error:  Maximum execution time of 1800 seconds exceeded in D:\wwwroot\BulkSMSWebPanel\index.php on line 3
[21-Mar-2018 12:42:00 Asia/Dhaka] PHP Fatal error:  Maximum execution time of 1800 seconds exceeded in D:\wwwroot\BulkSMSWebPanel\index.php on line 3
[21-Mar-2018 12:42:00 Asia/Dhaka] PHP Fatal error:  Maximum execution time of 1800 seconds exceeded in D:\wwwroot\BulkSMSWebPanel\index.php on line 3
[21-Mar-2018 12:42:00 Asia/Dhaka] PHP Fatal error:  Maximum execution time of 1800 seconds exceeded in D:\wwwroot\BulkSMSWebPanel\index.php on line 3
[21-Mar-2018 12:42:00 Asia/Dhaka] PHP Fatal error:  Maximum execution time of 1800 seconds exceeded in D:\wwwroot\BulkSMSWebPanel\index.php on line 3
[21-Mar-2018 13:00:15 Asia/Dhaka] PHP Fatal error:  Maximum execution time of 1800 seconds exceeded in D:\wwwroot\BulkSMSWebPanel\index.php on line 3
[21-Mar-2018 13:08:16 Asia/Dhaka] PHP Fatal error:  Maximum execution time of 1800 seconds exceeded in D:\wwwroot\BulkSMSWebPanel\index.php on line 3
[21-Mar-2018 13:08:16 Asia/Dhaka] PHP Fatal error:  Maximum execution time of 1800 seconds exceeded in D:\wwwroot\BulkSMSWebPanel\index.php on line 3
[21-Mar-2018 13:08:16 Asia/Dhaka] PHP Fatal error:  Maximum execution time of 1800 seconds exceeded in D:\wwwroot\BulkSMSWebPanel\index.php on line 3
[05-Apr-2018 20:14:52 Asia/Dhaka] PHP Fatal error:  Maximum execution time of 1800 seconds exceeded in D:\wwwroot\BulkSMSWebPanel\index.php on line 3
[05-Apr-2018 20:14:52 Asia/Dhaka] PHP Fatal error:  Maximum execution time of 1800 seconds exceeded in D:\wwwroot\BulkSMSWebPanel\index.php on line 3
[13-Apr-2018 21:36:53 Asia/Dhaka] PHP Fatal error:  Maximum execution time of 1800 seconds exceeded in D:\wwwroot\BulkSMSWebPanel\index.php on line 3
[13-Apr-2018 21:36:53 Asia/Dhaka] PHP Fatal error:  Maximum execution time of 1800 seconds exceeded in D:\wwwroot\BulkSMSWebPanel\index.php on line 3
[13-Apr-2018 21:36:53 Asia/Dhaka] PHP Fatal error:  Maximum execution time of 1800 seconds exceeded in D:\wwwroot\BulkSMSWebPanel\index.php on line 3
[16-Apr-2018 23:24:21 Asia/Dhaka] PHP Fatal error:  Maximum execution time of 1800 seconds exceeded in D:\wwwroot\BulkSMSWebPanel\index.php on line 3
[16-Apr-2018 23:24:21 Asia/Dhaka] PHP Fatal error:  Maximum execution time of 1800 seconds exceeded in D:\wwwroot\BulkSMSWebPanel\index.php on line 3
[16-Apr-2018 23:24:21 Asia/Dhaka] PHP Fatal error:  Maximum execution time of 1800 seconds exceeded in D:\wwwroot\BulkSMSWebPanel\index.php on line 3
[16-Apr-2018 23:24:21 Asia/Dhaka] PHP Fatal error:  Maximum execution time of 1800 seconds exceeded in D:\wwwroot\BulkSMSWebPanel\index.php on line 3
[16-Apr-2018 23:24:21 Asia/Dhaka] PHP Fatal error:  Maximum execution time of 1800 seconds exceeded in D:\wwwroot\BulkSMSWebPanel\index.php on line 3
[16-Apr-2018 23:24:21 Asia/Dhaka] PHP Fatal error:  Maximum execution time of 1800 seconds exceeded in D:\wwwroot\BulkSMSWebPanel\index.php on line 3
[16-Apr-2018 23:24:21 Asia/Dhaka] PHP Fatal error:  Maximum execution time of 1800 seconds exceeded in D:\wwwroot\BulkSMSWebPanel\index.php on line 3
[16-Apr-2018 23:24:21 Asia/Dhaka] PHP Fatal error:  Maximum execution time of 1800 seconds exceeded in D:\wwwroot\BulkSMSWebPanel\index.php on line 3
[16-Apr-2018 23:24:21 Asia/Dhaka] PHP Fatal error:  Maximum execution time of 1800 seconds exceeded in D:\wwwroot\BulkSMSWebPanel\index.php on line 3
[17-Apr-2018 14:38:36 Asia/Dhaka] PHP Fatal error:  Maximum execution time of 1800 seconds exceeded in D:\wwwroot\BulkSMSWebPanel\index.php on line 3
[17-Apr-2018 14:38:36 Asia/Dhaka] PHP Fatal error:  Maximum execution time of 1800 seconds exceeded in D:\wwwroot\BulkSMSWebPanel\index.php on line 3
[17-Apr-2018 14:38:36 Asia/Dhaka] PHP Fatal error:  Maximum execution time of 1800 seconds exceeded in D:\wwwroot\BulkSMSWebPanel\index.php on line 3
[17-Apr-2018 14:38:36 Asia/Dhaka] PHP Fatal error:  Maximum execution time of 1800 seconds exceeded in D:\wwwroot\BulkSMSWebPanel\index.php on line 3
[17-Apr-2018 14:38:36 Asia/Dhaka] PHP Fatal error:  Maximum execution time of 1800 seconds exceeded in D:\wwwroot\BulkSMSWebPanel\index.php on line 3
[25-Apr-2018 15:39:06 Asia/Dhaka] PHP Fatal error:  Maximum execution time of 1800 seconds exceeded in D:\wwwroot\BulkSMSWebPanel\index.php on line 3
[25-Apr-2018 15:39:06 Asia/Dhaka] PHP Fatal error:  Maximum execution time of 1800 seconds exceeded in D:\wwwroot\BulkSMSWebPanel\index.php on line 3
[25-Apr-2018 15:39:06 Asia/Dhaka] PHP Fatal error:  Maximum execution time of 1800 seconds exceeded in D:\wwwroot\BulkSMSWebPanel\index.php on line 3
[02-May-2018 21:32:44 Asia/Dhaka] PHP Fatal error:  Maximum execution time of 1800 seconds exceeded in D:\wwwroot\BulkSMSWebPanel\index.php on line 3
[05-May-2018 11:15:05 Asia/Dhaka] PHP Fatal error:  Maximum execution time of 1800 seconds exceeded in D:\wwwroot\BulkSMSWebPanel\index.php on line 3
[06-May-2018 12:44:01 Asia/Dhaka] PHP Fatal error:  Maximum execution time of 1800 seconds exceeded in D:\wwwroot\BulkSMSWebPanel\index.php on line 3
[21-May-2018 12:19:48 Asia/Dhaka] PHP Fatal error:  Maximum execution time of 1800 seconds exceeded in D:\wwwroot\BulkSMSWebPanel\index.php on line 3
[21-May-2018 12:19:48 Asia/Dhaka] PHP Fatal error:  Maximum execution time of 1800 seconds exceeded in D:\wwwroot\BulkSMSWebPanel\index.php on line 3
[21-May-2018 12:19:48 Asia/Dhaka] PHP Fatal error:  Maximum execution time of 1800 seconds exceeded in D:\wwwroot\BulkSMSWebPanel\index.php on line 3
[21-May-2018 12:19:48 Asia/Dhaka] PHP Fatal error:  Maximum execution time of 1800 seconds exceeded in D:\wwwroot\BulkSMSWebPanel\index.php on line 3
[04-Jun-2018 17:42:52 Asia/Dhaka] PHP Fatal error:  Maximum execution time of 1800 seconds exceeded in D:\wwwroot\BulkSMSWebPanel\index.php on line 3
[04-Jun-2018 17:42:52 Asia/Dhaka] PHP Fatal error:  Maximum execution time of 1800 seconds exceeded in D:\wwwroot\BulkSMSWebPanel\index.php on line 3
[04-Jun-2018 17:42:52 Asia/Dhaka] PHP Fatal error:  Maximum execution time of 1800 seconds exceeded in D:\wwwroot\BulkSMSWebPanel\index.php on line 3
[04-Jun-2018 17:42:52 Asia/Dhaka] PHP Fatal error:  Maximum execution time of 1800 seconds exceeded in D:\wwwroot\BulkSMSWebPanel\index.php on line 3
[04-Jun-2018 17:42:52 Asia/Dhaka] PHP Fatal error:  Maximum execution time of 1800 seconds exceeded in D:\wwwroot\BulkSMSWebPanel\index.php on line 3
[04-Jun-2018 17:42:52 Asia/Dhaka] PHP Fatal error:  Maximum execution time of 1800 seconds exceeded in D:\wwwroot\BulkSMSWebPanel\index.php on line 3
[04-Jun-2018 17:42:52 Asia/Dhaka] PHP Fatal error:  Maximum execution time of 1800 seconds exceeded in D:\wwwroot\BulkSMSWebPanel\index.php on line 3
[12-Jun-2018 13:12:53 Asia/Dhaka] PHP Fatal error:  Maximum execution time of 1800 seconds exceeded in D:\wwwroot\BulkSMSWebPanel\index.php on line 3
[12-Jun-2018 13:12:53 Asia/Dhaka] PHP Fatal error:  Maximum execution time of 1800 seconds exceeded in D:\wwwroot\BulkSMSWebPanel\index.php on line 3
[12-Jun-2018 13:12:53 Asia/Dhaka] PHP Fatal error:  Maximum execution time of 1800 seconds exceeded in D:\wwwroot\BulkSMSWebPanel\index.php on line 3
[12-Jun-2018 13:12:53 Asia/Dhaka] PHP Fatal error:  Maximum execution time of 1800 seconds exceeded in D:\wwwroot\BulkSMSWebPanel\index.php on line 3
[12-Jun-2018 13:12:53 Asia/Dhaka] PHP Fatal error:  Maximum execution time of 1800 seconds exceeded in D:\wwwroot\BulkSMSWebPanel\index.php on line 3
[12-Jun-2018 13:12:53 Asia/Dhaka] PHP Fatal error:  Maximum execution time of 1800 seconds exceeded in D:\wwwroot\BulkSMSWebPanel\index.php on line 3
[12-Jun-2018 13:12:53 Asia/Dhaka] PHP Fatal error:  Maximum execution time of 1800 seconds exceeded in D:\wwwroot\BulkSMSWebPanel\index.php on line 3
[12-Jun-2018 13:12:53 Asia/Dhaka] PHP Fatal error:  Maximum execution time of 1800 seconds exceeded in D:\wwwroot\BulkSMSWebPanel\index.php on line 3
[12-Jun-2018 13:12:53 Asia/Dhaka] PHP Fatal error:  Maximum execution time of 1800 seconds exceeded in D:\wwwroot\BulkSMSWebPanel\index.php on line 3
[15-Jul-2018 13:28:17 Asia/Dhaka] PHP Fatal error:  Maximum execution time of 1800 seconds exceeded in D:\wwwroot\BulkSMSWebPanel\index.php on line 3
[15-Jul-2018 13:28:17 Asia/Dhaka] PHP Fatal error:  Maximum execution time of 1800 seconds exceeded in D:\wwwroot\BulkSMSWebPanel\index.php on line 3
[15-Jul-2018 13:28:17 Asia/Dhaka] PHP Fatal error:  Maximum execution time of 1800 seconds exceeded in D:\wwwroot\BulkSMSWebPanel\index.php on line 3
[15-Jul-2018 13:28:17 Asia/Dhaka] PHP Fatal error:  Maximum execution time of 1800 seconds exceeded in D:\wwwroot\BulkSMSWebPanel\index.php on line 3
[15-Jul-2018 13:28:17 Asia/Dhaka] PHP Fatal error:  Maximum execution time of 1800 seconds exceeded in D:\wwwroot\BulkSMSWebPanel\index.php on line 3
[15-Jul-2018 13:28:17 Asia/Dhaka] PHP Fatal error:  Maximum execution time of 1800 seconds exceeded in D:\wwwroot\BulkSMSWebPanel\index.php on line 3
[15-Jul-2018 13:28:17 Asia/Dhaka] PHP Fatal error:  Maximum execution time of 1800 seconds exceeded in D:\wwwroot\BulkSMSWebPanel\index.php on line 3
[15-Jul-2018 13:28:17 Asia/Dhaka] PHP Fatal error:  Maximum execution time of 1800 seconds exceeded in D:\wwwroot\BulkSMSWebPanel\index.php on line 3
[15-Jul-2018 13:28:17 Asia/Dhaka] PHP Fatal error:  Maximum execution time of 1800 seconds exceeded in D:\wwwroot\BulkSMSWebPanel\index.php on line 3
[15-Jul-2018 13:28:17 Asia/Dhaka] PHP Fatal error:  Maximum execution time of 1800 seconds exceeded in D:\wwwroot\BulkSMSWebPanel\index.php on line 3
[15-Jul-2018 13:28:17 Asia/Dhaka] PHP Fatal error:  Maximum execution time of 1800 seconds exceeded in D:\wwwroot\BulkSMSWebPanel\index.php on line 3
[15-Jul-2018 13:28:17 Asia/Dhaka] PHP Fatal error:  Maximum execution time of 1800 seconds exceeded in D:\wwwroot\BulkSMSWebPanel\index.php on line 3
[15-Jul-2018 13:28:17 Asia/Dhaka] PHP Fatal error:  Maximum execution time of 1800 seconds exceeded in D:\wwwroot\BulkSMSWebPanel\index.php on line 3
[15-Jul-2018 13:28:17 Asia/Dhaka] PHP Fatal error:  Maximum execution time of 1800 seconds exceeded in D:\wwwroot\BulkSMSWebPanel\index.php on line 3
[15-Jul-2018 13:28:17 Asia/Dhaka] PHP Fatal error:  Maximum execution time of 1800 seconds exceeded in D:\wwwroot\BulkSMSWebPanel\index.php on line 3
[15-Jul-2018 13:28:17 Asia/Dhaka] PHP Fatal error:  Maximum execution time of 1800 seconds exceeded in D:\wwwroot\BulkSMSWebPanel\index.php on line 3
[15-Jul-2018 13:28:17 Asia/Dhaka] PHP Fatal error:  Maximum execution time of 1800 seconds exceeded in D:\wwwroot\BulkSMSWebPanel\index.php on line 3
[15-Jul-2018 13:28:17 Asia/Dhaka] PHP Fatal error:  Maximum execution time of 1800 seconds exceeded in D:\wwwroot\BulkSMSWebPanel\index.php on line 3
[15-Jul-2018 13:28:17 Asia/Dhaka] PHP Fatal error:  Maximum execution time of 1800 seconds exceeded in D:\wwwroot\BulkSMSWebPanel\index.php on line 3
[15-Jul-2018 13:28:17 Asia/Dhaka] PHP Fatal error:  Maximum execution time of 1800 seconds exceeded in D:\wwwroot\BulkSMSWebPanel\index.php on line 3
[15-Jul-2018 13:28:17 Asia/Dhaka] PHP Fatal error:  Maximum execution time of 1800 seconds exceeded in D:\wwwroot\BulkSMSWebPanel\index.php on line 3
[15-Jul-2018 13:28:17 Asia/Dhaka] PHP Fatal error:  Maximum execution time of 1800 seconds exceeded in D:\wwwroot\BulkSMSWebPanel\index.php on line 3
[15-Jul-2018 13:28:17 Asia/Dhaka] PHP Fatal error:  Maximum execution time of 1800 seconds exceeded in D:\wwwroot\BulkSMSWebPanel\index.php on line 3
[15-Jul-2018 13:28:17 Asia/Dhaka] PHP Fatal error:  Maximum execution time of 1800 seconds exceeded in D:\wwwroot\BulkSMSWebPanel\index.php on line 3
[15-Jul-2018 13:28:17 Asia/Dhaka] PHP Fatal error:  Maximum execution time of 1800 seconds exceeded in D:\wwwroot\BulkSMSWebPanel\index.php on line 3
[15-Jul-2018 13:28:17 Asia/Dhaka] PHP Fatal error:  Maximum execution time of 1800 seconds exceeded in D:\wwwroot\BulkSMSWebPanel\index.php on line 3
[13-Aug-2018 09:38:01 Asia/Dhaka] PHP Fatal error:  Maximum execution time of 1800 seconds exceeded in D:\wwwroot\BulkSMSWebPanel\index.php on line 3
[13-Aug-2018 09:38:01 Asia/Dhaka] PHP Fatal error:  Maximum execution time of 1800 seconds exceeded in D:\wwwroot\BulkSMSWebPanel\index.php on line 3
[13-Aug-2018 09:38:01 Asia/Dhaka] PHP Fatal error:  Maximum execution time of 1800 seconds exceeded in D:\wwwroot\BulkSMSWebPanel\index.php on line 3
[13-Aug-2018 09:38:01 Asia/Dhaka] PHP Fatal error:  Maximum execution time of 1800 seconds exceeded in D:\wwwroot\BulkSMSWebPanel\index.php on line 3
[13-Aug-2018 09:38:01 Asia/Dhaka] PHP Fatal error:  Maximum execution time of 1800 seconds exceeded in D:\wwwroot\BulkSMSWebPanel\index.php on line 3
[13-Aug-2018 09:38:01 Asia/Dhaka] PHP Fatal error:  Maximum execution time of 1800 seconds exceeded in D:\wwwroot\BulkSMSWebPanel\index.php on line 3
[12-Sep-2018 11:19:27 Asia/Dhaka] PHP Fatal error:  Maximum execution time of 1800 seconds exceeded in D:\wwwroot\BulkSMSWebPanel\index.php on line 3
[12-Sep-2018 11:19:27 Asia/Dhaka] PHP Fatal error:  Maximum execution time of 1800 seconds exceeded in D:\wwwroot\BulkSMSWebPanel\index.php on line 3
[12-Sep-2018 11:19:27 Asia/Dhaka] PHP Fatal error:  Maximum execution time of 1800 seconds exceeded in D:\wwwroot\BulkSMSWebPanel\index.php on line 3
[25-Sep-2018 17:26:04 Asia/Dhaka] PHP Fatal error:  Maximum execution time of 1800 seconds exceeded in D:\wwwroot\BulkSMSWebPanel\index.php on line 3
[25-Sep-2018 17:26:04 Asia/Dhaka] PHP Fatal error:  Maximum execution time of 1800 seconds exceeded in D:\wwwroot\BulkSMSWebPanel\index.php on line 3
[25-Sep-2018 17:26:04 Asia/Dhaka] PHP Fatal error:  Maximum execution time of 1800 seconds exceeded in D:\wwwroot\BulkSMSWebPanel\index.php on line 3
[25-Sep-2018 17:26:04 Asia/Dhaka] PHP Fatal error:  Maximum execution time of 1800 seconds exceeded in D:\wwwroot\BulkSMSWebPanel\index.php on line 3
[25-Sep-2018 17:26:04 Asia/Dhaka] PHP Fatal error:  Maximum execution time of 1800 seconds exceeded in D:\wwwroot\BulkSMSWebPanel\index.php on line 3
[25-Sep-2018 17:26:04 Asia/Dhaka] PHP Fatal error:  Maximum execution time of 1800 seconds exceeded in D:\wwwroot\BulkSMSWebPanel\index.php on line 3
[11-Oct-2018 16:00:38 Asia/Dhaka] PHP Fatal error:  Maximum execution time of 1800 seconds exceeded in D:\wwwroot\BulkSMSWebPanel\index.php on line 3
[30-Oct-2018 13:28:57 Asia/Dhaka] PHP Fatal error:  Maximum execution time of 1800 seconds exceeded in D:\wwwroot\BulkSMSWebPanel\index.php on line 3
[30-Oct-2018 13:28:57 Asia/Dhaka] PHP Fatal error:  Maximum execution time of 1800 seconds exceeded in D:\wwwroot\BulkSMSWebPanel\index.php on line 3
[30-Oct-2018 13:28:57 Asia/Dhaka] PHP Fatal error:  Maximum execution time of 1800 seconds exceeded in D:\wwwroot\BulkSMSWebPanel\index.php on line 3
[30-Oct-2018 13:28:57 Asia/Dhaka] PHP Fatal error:  Maximum execution time of 1800 seconds exceeded in D:\wwwroot\BulkSMSWebPanel\index.php on line 3
[30-Oct-2018 13:28:57 Asia/Dhaka] PHP Fatal error:  Maximum execution time of 1800 seconds exceeded in D:\wwwroot\BulkSMSWebPanel\index.php on line 3
[30-Oct-2018 13:28:57 Asia/Dhaka] PHP Fatal error:  Maximum execution time of 1800 seconds exceeded in D:\wwwroot\BulkSMSWebPanel\index.php on line 3
[30-Oct-2018 13:28:57 Asia/Dhaka] PHP Fatal error:  Maximum execution time of 1800 seconds exceeded in D:\wwwroot\BulkSMSWebPanel\index.php on line 3
[30-Oct-2018 13:28:57 Asia/Dhaka] PHP Fatal error:  Maximum execution time of 1800 seconds exceeded in D:\wwwroot\BulkSMSWebPanel\index.php on line 3
[30-Oct-2018 13:28:57 Asia/Dhaka] PHP Fatal error:  Maximum execution time of 1800 seconds exceeded in D:\wwwroot\BulkSMSWebPanel\index.php on line 3
[30-Oct-2018 13:28:57 Asia/Dhaka] PHP Fatal error:  Maximum execution time of 1800 seconds exceeded in D:\wwwroot\BulkSMSWebPanel\index.php on line 3
[30-Oct-2018 13:28:57 Asia/Dhaka] PHP Fatal error:  Maximum execution time of 1800 seconds exceeded in D:\wwwroot\BulkSMSWebPanel\index.php on line 3
[30-Oct-2018 13:28:57 Asia/Dhaka] PHP Fatal error:  Maximum execution time of 1800 seconds exceeded in D:\wwwroot\BulkSMSWebPanel\index.php on line 3
[30-Oct-2018 13:28:57 Asia/Dhaka] PHP Fatal error:  Maximum execution time of 1800 seconds exceeded in D:\wwwroot\BulkSMSWebPanel\index.php on line 3
[30-Oct-2018 13:28:57 Asia/Dhaka] PHP Fatal error:  Maximum execution time of 1800 seconds exceeded in D:\wwwroot\BulkSMSWebPanel\index.php on line 3
[30-Oct-2018 13:28:57 Asia/Dhaka] PHP Fatal error:  Maximum execution time of 1800 seconds exceeded in D:\wwwroot\BulkSMSWebPanel\index.php on line 3
[30-Oct-2018 13:28:57 Asia/Dhaka] PHP Fatal error:  Maximum execution time of 1800 seconds exceeded in D:\wwwroot\BulkSMSWebPanel\index.php on line 3
[30-Oct-2018 13:28:57 Asia/Dhaka] PHP Fatal error:  Maximum execution time of 1800 seconds exceeded in D:\wwwroot\BulkSMSWebPanel\index.php on line 3
[20-Nov-2018 14:35:43 Asia/Dhaka] PHP Fatal error:  Maximum execution time of 1800 seconds exceeded in D:\wwwroot\BulkSMSWebPanel\index.php on line 3
[20-Nov-2018 14:35:43 Asia/Dhaka] PHP Fatal error:  Maximum execution time of 1800 seconds exceeded in D:\wwwroot\BulkSMSWebPanel\index.php on line 3
[20-Nov-2018 14:35:43 Asia/Dhaka] PHP Fatal error:  Maximum execution time of 1800 seconds exceeded in D:\wwwroot\BulkSMSWebPanel\index.php on line 3
[20-Nov-2018 14:35:43 Asia/Dhaka] PHP Fatal error:  Maximum execution time of 1800 seconds exceeded in D:\wwwroot\BulkSMSWebPanel\index.php on line 3
[20-Nov-2018 14:35:43 Asia/Dhaka] PHP Fatal error:  Maximum execution time of 1800 seconds exceeded in D:\wwwroot\BulkSMSWebPanel\index.php on line 3
[20-Nov-2018 14:35:43 Asia/Dhaka] PHP Fatal error:  Maximum execution time of 1800 seconds exceeded in D:\wwwroot\BulkSMSWebPanel\index.php on line 3
[20-Nov-2018 14:35:43 Asia/Dhaka] PHP Fatal error:  Maximum execution time of 1800 seconds exceeded in D:\wwwroot\BulkSMSWebPanel\index.php on line 3
[20-Nov-2018 14:35:43 Asia/Dhaka] PHP Fatal error:  Maximum execution time of 1800 seconds exceeded in D:\wwwroot\BulkSMSWebPanel\index.php on line 3
[20-Nov-2018 14:35:43 Asia/Dhaka] PHP Fatal error:  Maximum execution time of 1800 seconds exceeded in D:\wwwroot\BulkSMSWebPanel\index.php on line 3
[20-Nov-2018 14:35:43 Asia/Dhaka] PHP Fatal error:  Maximum execution time of 1800 seconds exceeded in D:\wwwroot\BulkSMSWebPanel\index.php on line 3
[20-Nov-2018 14:35:43 Asia/Dhaka] PHP Fatal error:  Maximum execution time of 1800 seconds exceeded in D:\wwwroot\BulkSMSWebPanel\index.php on line 3
[17-Dec-2018 14:10:04 Asia/Dhaka] PHP Fatal error:  Maximum execution time of 1800 seconds exceeded in D:\wwwroot\BulkSMSWebPanel\index.php on line 3
[21-Jan-2019 20:18:25 Asia/Dhaka] PHP Fatal error:  Maximum execution time of 1800 seconds exceeded in D:\wwwroot\BulkSMSWebPanel\index.php on line 3
[07-Aug-2019 12:22:12 Asia/Dhaka] PHP Fatal error:  Maximum execution time of 1800 seconds exceeded in D:\wwwroot\BulkSMSWebPanel\index.php on line 3
[07-Aug-2019 12:22:12 Asia/Dhaka] PHP Fatal error:  Maximum execution time of 1800 seconds exceeded in D:\wwwroot\BulkSMSWebPanel\index.php on line 3
[07-Aug-2019 12:22:12 Asia/Dhaka] PHP Fatal error:  Maximum execution time of 1800 seconds exceeded in D:\wwwroot\BulkSMSWebPanel\index.php on line 3
[03-Sep-2019 15:00:45 Asia/Dhaka] PHP Fatal error:  Maximum execution time of 1800 seconds exceeded in D:\wwwroot\BulkSMSWebPanel\index.php on line 3
[03-Sep-2019 15:00:45 Asia/Dhaka] PHP Fatal error:  Maximum execution time of 1800 seconds exceeded in D:\wwwroot\BulkSMSWebPanel\index.php on line 3
[03-Sep-2019 15:00:45 Asia/Dhaka] PHP Fatal error:  Maximum execution time of 1800 seconds exceeded in D:\wwwroot\BulkSMSWebPanel\index.php on line 3
[03-Sep-2019 15:00:45 Asia/Dhaka] PHP Fatal error:  Maximum execution time of 1800 seconds exceeded in D:\wwwroot\BulkSMSWebPanel\index.php on line 3
[03-Sep-2019 15:00:45 Asia/Dhaka] PHP Fatal error:  Maximum execution time of 1800 seconds exceeded in D:\wwwroot\BulkSMSWebPanel\index.php on line 3
[03-Sep-2019 15:00:45 Asia/Dhaka] PHP Fatal error:  Maximum execution time of 1800 seconds exceeded in D:\wwwroot\BulkSMSWebPanel\index.php on line 3
[07-Oct-2019 21:51:56 Asia/Dhaka] PHP Fatal error:  Maximum execution time of 1800 seconds exceeded in D:\wwwroot\BulkSMSWebPanel\index.php on line 3
[07-Oct-2019 21:51:56 Asia/Dhaka] PHP Fatal error:  Maximum execution time of 1800 seconds exceeded in D:\wwwroot\BulkSMSWebPanel\index.php on line 3
[07-Oct-2019 21:51:56 Asia/Dhaka] PHP Fatal error:  Maximum execution time of 1800 seconds exceeded in D:\wwwroot\BulkSMSWebPanel\index.php on line 3
[07-Oct-2019 21:51:56 Asia/Dhaka] PHP Fatal error:  Maximum execution time of 1800 seconds exceeded in D:\wwwroot\BulkSMSWebPanel\index.php on line 3
[07-Oct-2019 21:51:56 Asia/Dhaka] PHP Fatal error:  Maximum execution time of 1800 seconds exceeded in D:\wwwroot\BulkSMSWebPanel\index.php on line 3
[07-Oct-2019 23:23:56 Asia/Dhaka] PHP Fatal error:  Maximum execution time of 1800 seconds exceeded in D:\wwwroot\BulkSMSWebPanel\index.php on line 3
[07-Oct-2019 23:23:56 Asia/Dhaka] PHP Fatal error:  Maximum execution time of 1800 seconds exceeded in D:\wwwroot\BulkSMSWebPanel\index.php on line 3
[07-Oct-2019 23:23:56 Asia/Dhaka] PHP Fatal error:  Maximum execution time of 1800 seconds exceeded in D:\wwwroot\BulkSMSWebPanel\index.php on line 3
[09-Oct-2019 17:33:12 Asia/Dhaka] PHP Fatal error:  Maximum execution time of 1800 seconds exceeded in D:\wwwroot\BulkSMSWebPanel\index.php on line 3
[09-Oct-2019 17:33:12 Asia/Dhaka] PHP Fatal error:  Maximum execution time of 1800 seconds exceeded in D:\wwwroot\BulkSMSWebPanel\index.php on line 3
[09-Oct-2019 17:33:12 Asia/Dhaka] PHP Fatal error:  Maximum execution time of 1800 seconds exceeded in D:\wwwroot\BulkSMSWebPanel\index.php on line 3
[09-Oct-2019 17:33:12 Asia/Dhaka] PHP Fatal error:  Maximum execution time of 1800 seconds exceeded in D:\wwwroot\BulkSMSWebPanel\index.php on line 3
[09-Oct-2019 17:33:12 Asia/Dhaka] PHP Fatal error:  Maximum execution time of 1800 seconds exceeded in D:\wwwroot\BulkSMSWebPanel\index.php on line 3
[09-Oct-2019 17:33:12 Asia/Dhaka] PHP Fatal error:  Maximum execution time of 1800 seconds exceeded in D:\wwwroot\BulkSMSWebPanel\index.php on line 3
[09-Oct-2019 17:33:12 Asia/Dhaka] PHP Fatal error:  Maximum execution time of 1800 seconds exceeded in D:\wwwroot\BulkSMSWebPanel\index.php on line 3
[09-Oct-2019 17:33:12 Asia/Dhaka] PHP Fatal error:  Maximum execution time of 1800 seconds exceeded in D:\wwwroot\BulkSMSWebPanel\index.php on line 3
[30-Oct-2019 17:54:36 Asia/Dhaka] PHP Fatal error:  Maximum execution time of 1800 seconds exceeded in D:\wwwroot\BulkSMSWebPanel\index.php on line 3
[30-Oct-2019 17:54:36 Asia/Dhaka] PHP Fatal error:  Maximum execution time of 1800 seconds exceeded in D:\wwwroot\BulkSMSWebPanel\index.php on line 3
[30-Oct-2019 17:54:36 Asia/Dhaka] PHP Fatal error:  Maximum execution time of 1800 seconds exceeded in D:\wwwroot\BulkSMSWebPanel\index.php on line 3
[30-Oct-2019 17:54:36 Asia/Dhaka] PHP Fatal error:  Maximum execution time of 1800 seconds exceeded in D:\wwwroot\BulkSMSWebPanel\index.php on line 3
[30-Oct-2019 17:54:36 Asia/Dhaka] PHP Fatal error:  Maximum execution time of 1800 seconds exceeded in D:\wwwroot\BulkSMSWebPanel\index.php on line 3
[30-Oct-2019 17:54:36 Asia/Dhaka] PHP Fatal error:  Maximum execution time of 1800 seconds exceeded in D:\wwwroot\BulkSMSWebPanel\index.php on line 3
[30-Oct-2019 17:54:36 Asia/Dhaka] PHP Fatal error:  Maximum execution time of 1800 seconds exceeded in D:\wwwroot\BulkSMSWebPanel\index.php on line 3
[30-Oct-2019 17:54:36 Asia/Dhaka] PHP Fatal error:  Maximum execution time of 1800 seconds exceeded in D:\wwwroot\BulkSMSWebPanel\index.php on line 3
[30-Oct-2019 17:54:36 Asia/Dhaka] PHP Fatal error:  Maximum execution time of 1800 seconds exceeded in D:\wwwroot\BulkSMSWebPanel\index.php on line 3
[30-Oct-2019 17:54:36 Asia/Dhaka] PHP Fatal error:  Maximum execution time of 1800 seconds exceeded in D:\wwwroot\BulkSMSWebPanel\index.php on line 3
[05-Nov-2019 14:13:12 Asia/Dhaka] PHP Fatal error:  Maximum execution time of 1800 seconds exceeded in D:\wwwroot\BulkSMSWebPanel\index.php on line 3
[05-Nov-2019 14:13:12 Asia/Dhaka] PHP Fatal error:  Maximum execution time of 1800 seconds exceeded in D:\wwwroot\BulkSMSWebPanel\index.php on line 3
[05-Nov-2019 14:13:12 Asia/Dhaka] PHP Fatal error:  Maximum execution time of 1800 seconds exceeded in D:\wwwroot\BulkSMSWebPanel\index.php on line 3
[05-Nov-2019 14:13:12 Asia/Dhaka] PHP Fatal error:  Maximum execution time of 1800 seconds exceeded in D:\wwwroot\BulkSMSWebPanel\index.php on line 3
[05-Nov-2019 14:13:12 Asia/Dhaka] PHP Fatal error:  Maximum execution time of 1800 seconds exceeded in D:\wwwroot\BulkSMSWebPanel\index.php on line 3
[05-Nov-2019 14:13:12 Asia/Dhaka] PHP Fatal error:  Maximum execution time of 1800 seconds exceeded in D:\wwwroot\BulkSMSWebPanel\index.php on line 3
[05-Nov-2019 14:13:12 Asia/Dhaka] PHP Fatal error:  Maximum execution time of 1800 seconds exceeded in D:\wwwroot\BulkSMSWebPanel\index.php on line 3
[05-Nov-2019 14:13:12 Asia/Dhaka] PHP Fatal error:  Maximum execution time of 1800 seconds exceeded in D:\wwwroot\BulkSMSWebPanel\index.php on line 3
[05-Nov-2019 14:13:12 Asia/Dhaka] PHP Fatal error:  Maximum execution time of 1800 seconds exceeded in D:\wwwroot\BulkSMSWebPanel\index.php on line 3
[05-Nov-2019 14:13:12 Asia/Dhaka] PHP Fatal error:  Maximum execution time of 1800 seconds exceeded in D:\wwwroot\BulkSMSWebPanel\index.php on line 3
[24-Nov-2019 05:33:57 Asia/Dhaka] PHP Fatal error:  Maximum execution time of 1800 seconds exceeded in D:\wwwroot\BulkSMSWebPanel\index.php on line 3
[24-Nov-2019 05:33:57 Asia/Dhaka] PHP Fatal error:  Maximum execution time of 1800 seconds exceeded in D:\wwwroot\BulkSMSWebPanel\index.php on line 3
[24-Nov-2019 05:33:57 Asia/Dhaka] PHP Fatal error:  Maximum execution time of 1800 seconds exceeded in D:\wwwroot\BulkSMSWebPanel\index.php on line 3
[24-Nov-2019 05:33:57 Asia/Dhaka] PHP Fatal error:  Maximum execution time of 1800 seconds exceeded in D:\wwwroot\BulkSMSWebPanel\index.php on line 3
[24-Nov-2019 05:33:57 Asia/Dhaka] PHP Fatal error:  Maximum execution time of 1800 seconds exceeded in D:\wwwroot\BulkSMSWebPanel\index.php on line 3
[24-Nov-2019 05:33:57 Asia/Dhaka] PHP Fatal error:  Maximum execution time of 1800 seconds exceeded in D:\wwwroot\BulkSMSWebPanel\index.php on line 3
[24-Nov-2019 05:33:57 Asia/Dhaka] PHP Fatal error:  Maximum execution time of 1800 seconds exceeded in D:\wwwroot\BulkSMSWebPanel\index.php on line 3
[24-Nov-2019 05:33:57 Asia/Dhaka] PHP Fatal error:  Maximum execution time of 1800 seconds exceeded in D:\wwwroot\BulkSMSWebPanel\index.php on line 3
[05-Dec-2019 19:41:24 Asia/Dhaka] PHP Fatal error:  Maximum execution time of 1800 seconds exceeded in D:\wwwroot\BulkSMSWebPanel\index.php on line 3
[05-Dec-2019 19:41:24 Asia/Dhaka] PHP Fatal error:  Maximum execution time of 1800 seconds exceeded in D:\wwwroot\BulkSMSWebPanel\index.php on line 3
[05-Dec-2019 19:41:24 Asia/Dhaka] PHP Fatal error:  Maximum execution time of 1800 seconds exceeded in D:\wwwroot\BulkSMSWebPanel\index.php on line 3
[05-Dec-2019 19:41:24 Asia/Dhaka] PHP Fatal error:  Maximum execution time of 1800 seconds exceeded in D:\wwwroot\BulkSMSWebPanel\index.php on line 3
[05-Dec-2019 19:41:24 Asia/Dhaka] PHP Fatal error:  Maximum execution time of 1800 seconds exceeded in D:\wwwroot\BulkSMSWebPanel\index.php on line 3
[05-Dec-2019 19:41:24 Asia/Dhaka] PHP Fatal error:  Maximum execution time of 1800 seconds exceeded in D:\wwwroot\BulkSMSWebPanel\index.php on line 3
[05-Dec-2019 19:41:24 Asia/Dhaka] PHP Fatal error:  Maximum execution time of 1800 seconds exceeded in D:\wwwroot\BulkSMSWebPanel\index.php on line 3
[05-Dec-2019 19:41:24 Asia/Dhaka] PHP Fatal error:  Maximum execution time of 1800 seconds exceeded in D:\wwwroot\BulkSMSWebPanel\index.php on line 3
[05-Dec-2019 19:41:24 Asia/Dhaka] PHP Fatal error:  Maximum execution time of 1800 seconds exceeded in D:\wwwroot\BulkSMSWebPanel\index.php on line 3
[05-Dec-2019 19:41:24 Asia/Dhaka] PHP Fatal error:  Maximum execution time of 1800 seconds exceeded in D:\wwwroot\BulkSMSWebPanel\index.php on line 3
[05-Dec-2019 19:41:24 Asia/Dhaka] PHP Fatal error:  Maximum execution time of 1800 seconds exceeded in D:\wwwroot\BulkSMSWebPanel\index.php on line 3
[05-Dec-2019 19:41:24 Asia/Dhaka] PHP Fatal error:  Maximum execution time of 1800 seconds exceeded in D:\wwwroot\BulkSMSWebPanel\index.php on line 3
[05-Dec-2019 19:41:24 Asia/Dhaka] PHP Fatal error:  Maximum execution time of 1800 seconds exceeded in D:\wwwroot\BulkSMSWebPanel\index.php on line 3
[05-Dec-2019 19:41:24 Asia/Dhaka] PHP Fatal error:  Maximum execution time of 1800 seconds exceeded in D:\wwwroot\BulkSMSWebPanel\index.php on line 3
[05-Dec-2019 19:41:24 Asia/Dhaka] PHP Fatal error:  Maximum execution time of 1800 seconds exceeded in D:\wwwroot\BulkSMSWebPanel\index.php on line 3
[05-Dec-2019 19:41:24 Asia/Dhaka] PHP Fatal error:  Maximum execution time of 1800 seconds exceeded in D:\wwwroot\BulkSMSWebPanel\index.php on line 3
[10-Dec-2019 21:12:04 Asia/Dhaka] PHP Fatal error:  Maximum execution time of 1800 seconds exceeded in D:\wwwroot\BulkSMSWebPanel\index.php on line 3
[10-Dec-2019 21:12:04 Asia/Dhaka] PHP Fatal error:  Maximum execution time of 1800 seconds exceeded in D:\wwwroot\BulkSMSWebPanel\index.php on line 3
[10-Dec-2019 21:12:04 Asia/Dhaka] PHP Fatal error:  Maximum execution time of 1800 seconds exceeded in D:\wwwroot\BulkSMSWebPanel\index.php on line 3
[10-Dec-2019 21:12:04 Asia/Dhaka] PHP Fatal error:  Maximum execution time of 1800 seconds exceeded in D:\wwwroot\BulkSMSWebPanel\index.php on line 3
[10-Dec-2019 21:12:04 Asia/Dhaka] PHP Fatal error:  Maximum execution time of 1800 seconds exceeded in D:\wwwroot\BulkSMSWebPanel\index.php on line 3
[10-Dec-2019 21:12:04 Asia/Dhaka] PHP Fatal error:  Maximum execution time of 1800 seconds exceeded in D:\wwwroot\BulkSMSWebPanel\index.php on line 3
[10-Dec-2019 21:12:04 Asia/Dhaka] PHP Fatal error:  Maximum execution time of 1800 seconds exceeded in D:\wwwroot\BulkSMSWebPanel\index.php on line 3
[10-Dec-2019 21:12:04 Asia/Dhaka] PHP Fatal error:  Maximum execution time of 1800 seconds exceeded in D:\wwwroot\BulkSMSWebPanel\index.php on line 3
[10-Dec-2019 21:12:04 Asia/Dhaka] PHP Fatal error:  Maximum execution time of 1800 seconds exceeded in D:\wwwroot\BulkSMSWebPanel\index.php on line 3
[19-Dec-2019 18:41:08 Asia/Dhaka] PHP Fatal error:  Maximum execution time of 1800 seconds exceeded in D:\wwwroot\BulkSMSWebPanel\index.php on line 3
[19-Dec-2019 18:41:08 Asia/Dhaka] PHP Fatal error:  Maximum execution time of 1800 seconds exceeded in D:\wwwroot\BulkSMSWebPanel\index.php on line 3
[19-Dec-2019 18:41:08 Asia/Dhaka] PHP Fatal error:  Maximum execution time of 1800 seconds exceeded in D:\wwwroot\BulkSMSWebPanel\index.php on line 3
[19-Dec-2019 18:41:08 Asia/Dhaka] PHP Fatal error:  Maximum execution time of 1800 seconds exceeded in D:\wwwroot\BulkSMSWebPanel\index.php on line 3
[19-Dec-2019 18:41:08 Asia/Dhaka] PHP Fatal error:  Maximum execution time of 1800 seconds exceeded in D:\wwwroot\BulkSMSWebPanel\index.php on line 3
[21-Dec-2019 19:27:39 Asia/Dhaka] PHP Fatal error:  Maximum execution time of 1800 seconds exceeded in D:\wwwroot\BulkSMSWebPanel\index.php on line 3
[21-Dec-2019 19:27:39 Asia/Dhaka] PHP Fatal error:  Maximum execution time of 1800 seconds exceeded in D:\wwwroot\BulkSMSWebPanel\index.php on line 3
[21-Dec-2019 19:27:39 Asia/Dhaka] PHP Fatal error:  Maximum execution time of 1800 seconds exceeded in D:\wwwroot\BulkSMSWebPanel\index.php on line 3
[21-Dec-2019 19:27:39 Asia/Dhaka] PHP Fatal error:  Maximum execution time of 1800 seconds exceeded in D:\wwwroot\BulkSMSWebPanel\index.php on line 3
[21-Dec-2019 19:27:39 Asia/Dhaka] PHP Fatal error:  Maximum execution time of 1800 seconds exceeded in D:\wwwroot\BulkSMSWebPanel\index.php on line 3
[21-Dec-2019 19:27:39 Asia/Dhaka] PHP Fatal error:  Maximum execution time of 1800 seconds exceeded in D:\wwwroot\BulkSMSWebPanel\index.php on line 3
[21-Dec-2019 19:27:39 Asia/Dhaka] PHP Fatal error:  Maximum execution time of 1800 seconds exceeded in D:\wwwroot\BulkSMSWebPanel\index.php on line 3
